<?xml version="1.0" encoding="UTF-8"?>
<testng-results ignored="1" total="5" passed="3" failed="1" skipped="0">
  <reporter-output>
  </reporter-output>
  <suite started-at="2023-06-09T16:49:42 IST" name="Suite" finished-at="2023-06-09T16:49:57 IST" duration-ms="15543">
    <groups>
      <group name="regressionSuite">
        <method signature="CreateContactTest.CreateContactsTest()[pri:0, instance:vTigerNew.CreateContactTest@294425a7]" name="CreateContactsTest" class="vTigerNew.CreateContactTest"/>
        <method signature="CreateContactWithOrganizationTestNew.createcontact()[pri:0, instance:vTigerNew.CreateContactWithOrganizationTestNew@2a798d51]" name="createcontact" class="vTigerNew.CreateContactWithOrganizationTestNew"/>
      </group> <!-- regressionSuite -->
    </groups>
    <test started-at="2023-06-09T16:49:42 IST" name="Test" finished-at="2023-06-09T16:49:57 IST" duration-ms="15543">
      <class name="vTigerNew.CreateContactTest">
        <test-method signature="CreateContactsTest()[pri:0, instance:vTigerNew.CreateContactTest@294425a7]" started-at="2023-06-09T16:49:42 IST" name="CreateContactsTest" finished-at="2023-06-09T16:49:57 IST" duration-ms="15467" status="FAIL">
          <exception class="org.openqa.selenium.remote.http.ConnectionFailedException">
            <message>
              <![CDATA[Unable to establish websocket connection to http://localhost:58000/devtools/browser/68a3d360-3efe-4d64-ac36-19448955e46f
Build info: version: '4.4.0', revision: 'e5c75ed026a'
System info: host: 'LAPTOP-R92NJ77V', ip: '192.168.56.1', os.name: 'Windows 10', os.arch: 'amd64', os.version: '10.0', java.version: '17.0.2'
Driver info: driver.version: ChromeDriver]]>
            </message>
            <full-stacktrace>
              <![CDATA[org.openqa.selenium.remote.http.ConnectionFailedException: Unable to establish websocket connection to http://localhost:58000/devtools/browser/68a3d360-3efe-4d64-ac36-19448955e46f
Build info: version: '4.4.0', revision: 'e5c75ed026a'
System info: host: 'LAPTOP-R92NJ77V', ip: '192.168.56.1', os.name: 'Windows 10', os.arch: 'amd64', os.version: '10.0', java.version: '17.0.2'
Driver info: driver.version: ChromeDriver
at org.openqa.selenium.remote.http.netty.NettyWebSocket.<init>(NettyWebSocket.java:102)
at org.openqa.selenium.remote.http.netty.NettyWebSocket.lambda$create$3(NettyWebSocket.java:128)
at org.openqa.selenium.remote.http.netty.NettyClient.openSocket(NettyClient.java:106)
at org.openqa.selenium.devtools.Connection.<init>(Connection.java:77)
at org.openqa.selenium.chromium.ChromiumDriver.lambda$new$2(ChromiumDriver.java:116)
at java.base/java.util.Optional.map(Optional.java:260)
at org.openqa.selenium.chromium.ChromiumDriver.<init>(ChromiumDriver.java:114)
at org.openqa.selenium.chrome.ChromeDriver.<init>(ChromeDriver.java:81)
at org.openqa.selenium.chrome.ChromeDriver.<init>(ChromeDriver.java:49)
at vTigerNew.CreateContactTest.CreateContactsTest(CreateContactTest.java:47)
at java.base/jdk.internal.reflect.NativeMethodAccessorImpl.invoke0(Native Method)
at java.base/jdk.internal.reflect.NativeMethodAccessorImpl.invoke(NativeMethodAccessorImpl.java:77)
at java.base/jdk.internal.reflect.DelegatingMethodAccessorImpl.invoke(DelegatingMethodAccessorImpl.java:43)
at java.base/java.lang.reflect.Method.invoke(Method.java:568)
at org.testng.internal.MethodInvocationHelper.invokeMethod(MethodInvocationHelper.java:133)
at org.testng.internal.TestInvoker.invokeMethod(TestInvoker.java:598)
at org.testng.internal.TestInvoker.invokeTestMethod(TestInvoker.java:173)
at org.testng.internal.MethodRunner.runInSequence(MethodRunner.java:46)
at org.testng.internal.TestInvoker$MethodInvocationAgent.invoke(TestInvoker.java:824)
at org.testng.internal.TestInvoker.invokeTestMethods(TestInvoker.java:146)
at org.testng.internal.TestMethodWorker.invokeTestMethods(TestMethodWorker.java:146)
at org.testng.internal.TestMethodWorker.run(TestMethodWorker.java:128)
at java.base/java.util.ArrayList.forEach(ArrayList.java:1511)
at org.testng.TestRunner.privateRun(TestRunner.java:794)
at org.testng.TestRunner.run(TestRunner.java:596)
at org.testng.SuiteRunner.runTest(SuiteRunner.java:377)
at org.testng.SuiteRunner.runSequentially(SuiteRunner.java:371)
at org.testng.SuiteRunner.privateRun(SuiteRunner.java:332)
at org.testng.SuiteRunner.run(SuiteRunner.java:276)
at org.testng.SuiteRunnerWorker.runSuite(SuiteRunnerWorker.java:53)
at org.testng.SuiteRunnerWorker.run(SuiteRunnerWorker.java:96)
at org.testng.TestNG.runSuitesSequentially(TestNG.java:1212)
at org.testng.TestNG.runSuitesLocally(TestNG.java:1134)
at org.testng.TestNG.runSuites(TestNG.java:1063)
at org.testng.TestNG.run(TestNG.java:1031)
at org.testng.remote.AbstractRemoteTestNG.run(AbstractRemoteTestNG.java:115)
at org.testng.remote.RemoteTestNG.initAndRun(RemoteTestNG.java:251)
at org.testng.remote.RemoteTestNG.main(RemoteTestNG.java:77)
]]>
            </full-stacktrace>
          </exception> <!-- org.openqa.selenium.remote.http.ConnectionFailedException -->
          <reporter-output>
          </reporter-output>
        </test-method> <!-- CreateContactsTest -->
        <test-method signature="createContact()[pri:0, instance:vTigerNew.CreateContactTest@294425a7]" started-at="2023-06-09T16:49:57 IST" name="createContact" finished-at="2023-06-09T16:49:57 IST" duration-ms="3" status="PASS">
          <reporter-output>
          </reporter-output>
        </test-method> <!-- createContact -->
        <test-method signature="createContactsecond()[pri:0, instance:vTigerNew.CreateContactTest@294425a7]" started-at="2023-06-09T16:49:57 IST" name="createContactsecond" finished-at="2023-06-09T16:49:57 IST" duration-ms="2" status="PASS">
          <reporter-output>
          </reporter-output>
        </test-method> <!-- createContactsecond -->
      </class> <!-- vTigerNew.CreateContactTest -->
      <class name="vTigerNew.CreateContactWithOrganizationTestNew">
        <test-method signature="createcontact()[pri:0, instance:vTigerNew.CreateContactWithOrganizationTestNew@2a798d51]" started-at="2023-06-09T16:49:57 IST" name="createcontact" finished-at="2023-06-09T16:49:57 IST" duration-ms="2" status="PASS">
          <reporter-output>
          </reporter-output>
        </test-method> <!-- createcontact -->
      </class> <!-- vTigerNew.CreateContactWithOrganizationTestNew -->
    </test> <!-- Test -->
  </suite> <!-- Suite -->
</testng-results>
